[bwa_index] Pack FASTA... 17.96 sec
[bwa_index] Construct BWT for the packed sequence...
[BWTIncCreate] textLength=5942663060, availableWord=430147636
[BWTIncConstructFromPacked] 10 iterations done. 99999988 characters processed.
[BWTIncConstructFromPacked] 20 iterations done. 199999988 characters processed.
[BWTIncConstructFromPacked] 30 iterations done. 299999988 characters processed.
[BWTIncConstructFromPacked] 40 iterations done. 399999988 characters processed.
[BWTIncConstructFromPacked] 50 iterations done. 499999988 characters processed.
[BWTIncConstructFromPacked] 60 iterations done. 599999988 characters processed.
[BWTIncConstructFromPacked] 70 iterations done. 699999988 characters processed.
[BWTIncConstructFromPacked] 80 iterations done. 799999988 characters processed.
[BWTIncConstructFromPacked] 90 iterations done. 899999988 characters processed.
[BWTIncConstructFromPacked] 100 iterations done. 999999988 characters processed.
[BWTIncConstructFromPacked] 110 iterations done. 1099999988 characters processed.
[BWTIncConstructFromPacked] 120 iterations done. 1199999988 characters processed.
[BWTIncConstructFromPacked] 130 iterations done. 1299999988 characters processed.
[BWTIncConstructFromPacked] 140 iterations done. 1399999988 characters processed.
[BWTIncConstructFromPacked] 150 iterations done. 1499999988 characters processed.
[BWTIncConstructFromPacked] 160 iterations done. 1599999988 characters processed.
[BWTIncConstructFromPacked] 170 iterations done. 1699999988 characters processed.
[BWTIncConstructFromPacked] 180 iterations done. 1799999988 characters processed.
[BWTIncConstructFromPacked] 190 iterations done. 1899999988 characters processed.
[BWTIncConstructFromPacked] 200 iterations done. 1999999988 characters processed.
[BWTIncConstructFromPacked] 210 iterations done. 2099999988 characters processed.
[BWTIncConstructFromPacked] 220 iterations done. 2199999988 characters processed.
[BWTIncConstructFromPacked] 230 iterations done. 2299999988 characters processed.
[BWTIncConstructFromPacked] 240 iterations done. 2399999988 characters processed.
[BWTIncConstructFromPacked] 250 iterations done. 2499999988 characters processed.
[BWTIncConstructFromPacked] 260 iterations done. 2599999988 characters processed.
[BWTIncConstructFromPacked] 270 iterations done. 2699999988 characters processed.
[BWTIncConstructFromPacked] 280 iterations done. 2799999988 characters processed.
[BWTIncConstructFromPacked] 290 iterations done. 2899999988 characters processed.
[BWTIncConstructFromPacked] 300 iterations done. 2999999988 characters processed.
[BWTIncConstructFromPacked] 310 iterations done. 3099999988 characters processed.
[BWTIncConstructFromPacked] 320 iterations done. 3199999988 characters processed.
[BWTIncConstructFromPacked] 330 iterations done. 3299999988 characters processed.
[BWTIncConstructFromPacked] 340 iterations done. 3399999988 characters processed.
[BWTIncConstructFromPacked] 350 iterations done. 3499999988 characters processed.
[BWTIncConstructFromPacked] 360 iterations done. 3599999988 characters processed.
[BWTIncConstructFromPacked] 370 iterations done. 3699999988 characters processed.
[BWTIncConstructFromPacked] 380 iterations done. 3799999988 characters processed.
[BWTIncConstructFromPacked] 390 iterations done. 3899999988 characters processed.
[BWTIncConstructFromPacked] 400 iterations done. 3999999988 characters processed.
[BWTIncConstructFromPacked] 410 iterations done. 4099999988 characters processed.
[BWTIncConstructFromPacked] 420 iterations done. 4199999988 characters processed.
[BWTIncConstructFromPacked] 430 iterations done. 4299999988 characters processed.
[BWTIncConstructFromPacked] 440 iterations done. 4399999988 characters processed.
[BWTIncConstructFromPacked] 450 iterations done. 4499999988 characters processed.
[BWTIncConstructFromPacked] 460 iterations done. 4599999988 characters processed.
[BWTIncConstructFromPacked] 470 iterations done. 4699999988 characters processed.
[BWTIncConstructFromPacked] 480 iterations done. 4799999988 characters processed.
[BWTIncConstructFromPacked] 490 iterations done. 4899999988 characters processed.
[BWTIncConstructFromPacked] 500 iterations done. 4999999988 characters processed.
[BWTIncConstructFromPacked] 510 iterations done. 5099999988 characters processed.
[BWTIncConstructFromPacked] 520 iterations done. 5199999988 characters processed.
[BWTIncConstructFromPacked] 530 iterations done. 5299385812 characters processed.
[BWTIncConstructFromPacked] 540 iterations done. 5390158708 characters processed.
[BWTIncConstructFromPacked] 550 iterations done. 5470833876 characters processed.
[BWTIncConstructFromPacked] 560 iterations done. 5542534196 characters processed.
[BWTIncConstructFromPacked] 570 iterations done. 5606257620 characters processed.
[BWTIncConstructFromPacked] 580 iterations done. 5662891124 characters processed.
[BWTIncConstructFromPacked] 590 iterations done. 5713223108 characters processed.
[BWTIncConstructFromPacked] 600 iterations done. 5757954308 characters processed.
[BWTIncConstructFromPacked] 610 iterations done. 5797707460 characters processed.
[BWTIncConstructFromPacked] 620 iterations done. 5833036132 characters processed.
[BWTIncConstructFromPacked] 630 iterations done. 5864432340 characters processed.
[BWTIncConstructFromPacked] 640 iterations done. 5892333316 characters processed.
[BWTIncConstructFromPacked] 650 iterations done. 5917127732 characters processed.
[BWTIncConstructFromPacked] 660 iterations done. 5939161044 characters processed.
[bwt_gen] Finished constructing BWT in 662 iterations.
[bwa_index] 1936.93 seconds elapse.
[bwa_index] Update BWT... 9.95 sec
[bwa_index] Pack forward-only FASTA... 10.44 sec
[bwa_index] Construct SA from BWT and Occ... 740.68 sec
[main] Version: 0.7.18-r1243-dirty
[main] CMD: bwa index -p ../hicdata/Mmul10/ncbi_dataset/data/GCF_003339765.1/GCF_003339765.1_Mmul_10_genomic.fna -a bwtsw ../hicdata/Mmul10/ncbi_dataset/data/GCF_003339765.1/GCF_003339765.1_Mmul_10_genomic.fna
[main] Real time: 2743.207 sec; CPU: 2715.957 sec
